# JRE version: Java(TM) SE Runtime Environment (8.0_271-b09) (build 1.8.0_271-b09)
# Java VM: Java HotSpot(TM) 64-Bit Server VM (25.271-b09 mixed mode windows-amd64 compressed oops)
Heap:
 PSYoungGen      total 345088K, used 68197K [0x00000000eab00000, 0x0000000100000000, 0x0000000100000000)
  eden space 340992K, 19% used [0x00000000eab00000,0x00000000eed99580,0x00000000ff800000)
  from space 4096K, 0% used [0x00000000ffc00000,0x00000000ffc00000,0x0000000100000000)
  to   space 4096K, 0% used [0x00000000ff800000,0x00000000ff800000,0x00000000ffc00000)
 ParOldGen       total 168960K, used 24063K [0x00000000c0000000, 0x00000000ca500000, 0x00000000eab00000)
  object space 168960K, 14% used [0x00000000c0000000,0x00000000c177ff30,0x00000000ca500000)
 Metaspace       used 95710K, capacity 105803K, committed 109056K, reserved 1142784K
  class space    used 13378K, capacity 14180K, committed 14848K, reserved 1048576K
GC Heap History (10 events):
Event: 21615.204 GC heap before
{Heap before GC invocations=260 (full 16):
 PSYoungGen      total 344576K, used 992K [0x00000000eab00000, 0x0000000100000000, 0x0000000100000000)
  eden space 339968K, 0% used [0x00000000eab00000,0x00000000eab00000,0x00000000ff700000)
  from space 4608K, 21% used [0x00000000ffb80000,0x00000000ffc78000,0x0000000100000000)
  to   space 4608K, 0% used [0x00000000ff700000,0x00000000ff700000,0x00000000ffb80000)
 ParOldGen       total 168960K, used 24085K [0x00000000c0000000, 0x00000000ca500000, 0x00000000eab00000)
  object space 168960K, 14% used [0x00000000c0000000,0x00000000c1785438,0x00000000ca500000)
 Metaspace       used 95153K, capacity 104947K, committed 109056K, reserved 1142784K
  class space    used 13299K, capacity 14042K, committed 14848K, reserved 1048576K
Event: 21615.684 GC heap after
Heap after GC invocations=260 (full 16):
 PSYoungGen      total 344576K, used 0K [0x00000000eab00000, 0x0000000100000000, 0x0000000100000000)
  eden space 339968K, 0% used [0x00000000eab00000,0x00000000eab00000,0x00000000ff700000)
  from space 4608K, 0% used [0x00000000ffb80000,0x00000000ffb80000,0x0000000100000000)
  to   space 4608K, 0% used [0x00000000ff700000,0x00000000ff700000,0x00000000ffb80000)
 ParOldGen       total 168960K, used 24055K [0x00000000c0000000, 0x00000000ca500000, 0x00000000eab00000)
  object space 168960K, 14% used [0x00000000c0000000,0x00000000c177dd30,0x00000000ca500000)
 Metaspace       used 95153K, capacity 104947K, committed 109056K, reserved 1142784K
  class space    used 13299K, capacity 14042K, committed 14848K, reserved 1048576K
}
Event: 23415.182 GC heap before
{Heap before GC invocations=261 (full 16):
 PSYoungGen      total 344576K, used 6326K [0x00000000eab00000, 0x0000000100000000, 0x0000000100000000)
  eden space 339968K, 1% used [0x00000000eab00000,0x00000000eb12daf8,0x00000000ff700000)
  from space 4608K, 0% used [0x00000000ffb80000,0x00000000ffb80000,0x0000000100000000)
  to   space 4608K, 0% used [0x00000000ff700000,0x00000000ff700000,0x00000000ffb80000)
 ParOldGen       total 168960K, used 24055K [0x00000000c0000000, 0x00000000ca500000, 0x00000000eab00000)
  object space 168960K, 14% used [0x00000000c0000000,0x00000000c177dd30,0x00000000ca500000)
 Metaspace       used 95155K, capacity 104947K, committed 109056K, reserved 1142784K
  class space    used 13299K, capacity 14042K, committed 14848K, reserved 1048576K
Event: 23415.190 GC heap after
Heap after GC invocations=261 (full 16):
 PSYoungGen      total 344576K, used 480K [0x00000000eab00000, 0x0000000100000000, 0x0000000100000000)
  eden space 339968K, 0% used [0x00000000eab00000,0x00000000eab00000,0x00000000ff700000)
  from space 4608K, 10% used [0x00000000ff700000,0x00000000ff778000,0x00000000ffb80000)
  to   space 4096K, 0% used [0x00000000ffc00000,0x00000000ffc00000,0x0000000100000000)
 ParOldGen       total 168960K, used 24055K [0x00000000c0000000, 0x00000000ca500000, 0x00000000eab00000)
  object space 168960K, 14% used [0x00000000c0000000,0x00000000c177dd30,0x00000000ca500000)
 Metaspace       used 95155K, capacity 104947K, committed 109056K, reserved 1142784K
  class space    used 13299K, capacity 14042K, committed 14848K, reserved 1048576K
}
Event: 23415.190 GC heap before
{Heap before GC invocations=262 (full 17):
 PSYoungGen      total 344576K, used 480K [0x00000000eab00000, 0x0000000100000000, 0x0000000100000000)
  eden space 339968K, 0% used [0x00000000eab00000,0x00000000eab00000,0x00000000ff700000)
  from space 4608K, 10% used [0x00000000ff700000,0x00000000ff778000,0x00000000ffb80000)
  to   space 4096K, 0% used [0x00000000ffc00000,0x00000000ffc00000,0x0000000100000000)
 ParOldGen       total 168960K, used 24055K [0x00000000c0000000, 0x00000000ca500000, 0x00000000eab00000)
  object space 168960K, 14% used [0x00000000c0000000,0x00000000c177dd30,0x00000000ca500000)
 Metaspace       used 95155K, capacity 104947K, committed 109056K, reserved 1142784K
  class space    used 13299K, capacity 14042K, committed 14848K, reserved 1048576K
Event: 23415.308 GC heap after
Heap after GC invocations=262 (full 17):
 PSYoungGen      total 344576K, used 0K [0x00000000eab00000, 0x0000000100000000, 0x0000000100000000)
  eden space 339968K, 0% used [0x00000000eab00000,0x00000000eab00000,0x00000000ff700000)
  from space 4608K, 0% used [0x00000000ff700000,0x00000000ff700000,0x00000000ffb80000)
  to   space 4096K, 0% used [0x00000000ffc00000,0x00000000ffc00000,0x0000000100000000)
 ParOldGen       total 168960K, used 24058K [0x00000000c0000000, 0x00000000ca500000, 0x00000000eab00000)
  object space 168960K, 14% used [0x00000000c0000000,0x00000000c177eaf0,0x00000000ca500000)
 Metaspace       used 95155K, capacity 104947K, committed 109056K, reserved 1142784K
  class space    used 13299K, capacity 14042K, committed 14848K, reserved 1048576K
}
Event: 25215.185 GC heap before
{Heap before GC invocations=263 (full 17):
 PSYoungGen      total 344576K, used 7250K [0x00000000eab00000, 0x0000000100000000, 0x0000000100000000)
  eden space 339968K, 2% used [0x00000000eab00000,0x00000000eb214a48,0x00000000ff700000)
  from space 4608K, 0% used [0x00000000ff700000,0x00000000ff700000,0x00000000ffb80000)
  to   space 4096K, 0% used [0x00000000ffc00000,0x00000000ffc00000,0x0000000100000000)
 ParOldGen       total 168960K, used 24058K [0x00000000c0000000, 0x00000000ca500000, 0x00000000eab00000)
  object space 168960K, 14% used [0x00000000c0000000,0x00000000c177eaf0,0x00000000ca500000)
 Metaspace       used 95155K, capacity 104947K, committed 109056K, reserved 1142784K
  class space    used 13299K, capacity 14042K, committed 14848K, reserved 1048576K
Event: 25215.191 GC heap after
Heap after GC invocations=263 (full 17):
 PSYoungGen      total 345088K, used 1024K [0x00000000eab00000, 0x0000000100000000, 0x0000000100000000)
  eden space 340992K, 0% used [0x00000000eab00000,0x00000000eab00000,0x00000000ff800000)
  from space 4096K, 25% used [0x00000000ffc00000,0x00000000ffd00000,0x0000000100000000)
  to   space 4096K, 0% used [0x00000000ff800000,0x00000000ff800000,0x00000000ffc00000)
 ParOldGen       total 168960K, used 24058K [0x00000000c0000000, 0x00000000ca500000, 0x00000000eab00000)
  object space 168960K, 14% used [0x00000000c0000000,0x00000000c177eaf0,0x00000000ca500000)
 Metaspace       used 95155K, capacity 104947K, committed 109056K, reserved 1142784K
  class space    used 13299K, capacity 14042K, committed 14848K, reserved 1048576K
}
Event: 25215.191 GC heap before
{Heap before GC invocations=264 (full 18):
 PSYoungGen      total 345088K, used 1024K [0x00000000eab00000, 0x0000000100000000, 0x0000000100000000)
  eden space 340992K, 0% used [0x00000000eab00000,0x00000000eab00000,0x00000000ff800000)
  from space 4096K, 25% used [0x00000000ffc00000,0x00000000ffd00000,0x0000000100000000)
  to   space 4096K, 0% used [0x00000000ff800000,0x00000000ff800000,0x00000000ffc00000)
 ParOldGen       total 168960K, used 24058K [0x00000000c0000000, 0x00000000ca500000, 0x00000000eab00000)
  object space 168960K, 14% used [0x00000000c0000000,0x00000000c177eaf0,0x00000000ca500000)
 Metaspace       used 95155K, capacity 104947K, committed 109056K, reserved 1142784K
  class space    used 13299K, capacity 14042K, committed 14848K, reserved 1048576K
Event: 25215.270 GC heap after
Heap after GC invocations=264 (full 18):
 PSYoungGen      total 345088K, used 0K [0x00000000eab00000, 0x0000000100000000, 0x0000000100000000)
  eden space 340992K, 0% used [0x00000000eab00000,0x00000000eab00000,0x00000000ff800000)
  from space 4096K, 0% used [0x00000000ffc00000,0x00000000ffc00000,0x0000000100000000)
  to   space 4096K, 0% used [0x00000000ff800000,0x00000000ff800000,0x00000000ffc00000)
 ParOldGen       total 168960K, used 24063K [0x00000000c0000000, 0x00000000ca500000, 0x00000000eab00000)
  object space 168960K, 14% used [0x00000000c0000000,0x00000000c177ff30,0x00000000ca500000)
 Metaspace       used 95155K, capacity 104947K, committed 109056K, reserved 1142784K
  class space    used 13299K, capacity 14042K, committed 14848K, reserved 1048576K
}

